time="2022-04-13T17:55:00+03:00" level=info msg="- - - - - - - - - - - - - - -"
time="2022-04-13T17:55:00+03:00" level=info msg="daemon started"
time="2022-04-13T17:55:01+03:00" level=info msg="Starting initial transfer"
time="2022-04-13T17:55:15+03:00" level=info msg="Signal handler"
time="2022-04-13T17:55:15+03:00" level=info msg="Update config called"
time="2022-04-13T17:55:20+03:00" level=info msg="Signal handler"
time="2022-04-13T17:55:20+03:00" level=info msg="Update config called"
time="2022-04-13T17:56:01+03:00" level=info msg="Finishing initial transfer"
time="2022-04-13T17:56:02+03:00" level=info msg="Starting rolling update"
time="2022-04-13T17:56:03+03:00" level=info msg="Signal handler"
time="2022-04-13T17:56:03+03:00" level=info msg="Update config called"
time="2022-04-13T17:56:08+03:00" level=info msg="Signal handler"
time="2022-04-13T17:56:08+03:00" level=info msg=Exiting...
time="2022-04-13T17:56:08+03:00" level=info msg="daemon terminated"
time="2022-04-13T17:56:08+03:00" level=info msg=Cleanup
time="2022-04-13T18:58:22+03:00" level=info msg="- - - - - - - - - - - - - - -"
time="2022-04-13T18:58:22+03:00" level=info msg="daemon started"
time="2022-04-13T18:58:23+03:00" level=info msg="Starting initial transfer"
time="2022-04-13T18:58:35+03:00" level=info msg="Signal handler"
time="2022-04-13T18:58:35+03:00" level=info msg="Update config called"
time="2022-04-13T18:59:23+03:00" level=info msg="Finishing initial transfer"
time="2022-04-13T18:59:24+03:00" level=info msg="Starting rolling update"
time="2022-04-13T19:00:24+03:00" level=info msg="Finishing rolling update"
time="2022-04-13T19:09:28+03:00" level=info msg="daemon terminated"
time="2022-04-13T19:09:28+03:00" level=info msg=Cleanup
